<?xml version="1.0" encoding="UTF-8"?>
<!-- Generated by org.testng.reporters.JUnitReportReporter -->
<testsuite hostname="DESKTOP-BUNMG7T" failures="0" tests="3" name="rahulshettyacademy.tests.SubmitOrderTest" time="51.514" errors="0" timestamp="2024-01-07T18:22:06 IST" skipped="0">
  <testcase classname="rahulshettyacademy.tests.SubmitOrderTest" name="SubmitOrderTest" time="24.814"/>
  <testcase classname="rahulshettyacademy.tests.SubmitOrderTest" name="SubmitOrderTest" time="21.542"/>
  <testcase classname="rahulshettyacademy.tests.SubmitOrderTest" name="OrderHistoryTest" time="5.158"/>
</testsuite> <!-- rahulshettyacademy.tests.SubmitOrderTest -->
