<?xml version="1.0" encoding="UTF-8"?>
<!-- Generated by org.testng.reporters.JUnitReportReporter -->
<testsuite hostname="DESKTOP-BUNMG7T" failures="0" tests="1" name="cucumber.TestNGTestRunner" time="31.905" errors="0" timestamp="2024-01-13T18:31:52 IST" skipped="0">
  <testcase classname="cucumber.TestNGTestRunner" name="runScenario" time="31.905"/>
</testsuite> <!-- cucumber.TestNGTestRunner -->
