<?xml version="1.0" encoding="UTF-8"?>
<!-- Generated by org.testng.reporters.JUnitReportReporter -->
<testsuite hostname="DESKTOP-BUNMG7T" failures="0" tests="2" name="rahulshettyacademy.tests.SubmitOrderTest" time="37.790" errors="0" timestamp="2024-01-10T22:39:41 IST" skipped="0">
  <testcase classname="rahulshettyacademy.tests.SubmitOrderTest" name="SubmitOrderTest" time="13.817"/>
  <testcase classname="rahulshettyacademy.tests.SubmitOrderTest" name="SubmitOrderTest" time="23.973"/>
</testsuite> <!-- rahulshettyacademy.tests.SubmitOrderTest -->
